<?xml version="1.0" encoding="UTF-8"?>
<testng-results ignored="0" total="1" passed="1" failed="0" skipped="0">
  <reporter-output>
  </reporter-output>
  <suite started-at="2023-11-27T18:41:08 IST" name="Default suite" finished-at="2023-11-27T18:41:34 IST" duration-ms="25820">
    <groups>
    </groups>
    <test started-at="2023-11-27T18:41:08 IST" name="Default test" finished-at="2023-11-27T18:41:34 IST" duration-ms="25820">
      <class name="testClasses.N_AccountingTransactionReportTest">
        <test-method signature="transactionReport()[pri:0, instance:testClasses.N_AccountingTransactionReportTest@1caa0244]" started-at="2023-11-27T18:41:08 IST" name="transactionReport" finished-at="2023-11-27T18:41:32 IST" duration-ms="24420" status="PASS">
          <reporter-output>
          </reporter-output>
        </test-method> <!-- transactionReport -->
      </class> <!-- testClasses.N_AccountingTransactionReportTest -->
    </test> <!-- Default test -->
  </suite> <!-- Default suite -->
</testng-results>
